<?xml version="1.0" encoding="UTF-8"?>
<testsuite xmlns:xsi="http://www.w3.org/2001/XMLSchema-instance" xsi:noNamespaceSchemaLocation="https://maven.apache.org/surefire/maven-surefire-plugin/xsd/surefire-test-report.xsd" name="com.leetcode.AddTwoNumbersInLinkedListTest" time="0.029" tests="1" errors="0" skipped="0" failures="1">
  <properties>
[...]
</properties>
  <testcase name="addTwoNumbers" classname="com.leetcode.AddTwoNumbersInLinkedListTest" time="0.023">
    <failure message="sum is incorrect ==&gt; expected: &lt;com.leetcode.ListNode@473b46c3&gt; but was: &lt;null&gt;" type="org.opentest4j.AssertionFailedError"><![CDATA[org.opentest4j.AssertionFailedError: sum is incorrect ==> expected: <com.leetcode.ListNode@473b46c3> but was: <null>
	at com.leetcode.AddTwoNumbersInLinkedListTest.addTwoNumbers(AddTwoNumbersInLinkedListTest.java:25)
]]></failure>
  </testcase>
</testsuite>